[2025-11-14T13:58:50.109684] [INFO] ================================================================================
[2025-11-14T13:58:50.109699] [INFO] ZK-PROOF ARCHIVAL BRIDGE - COMPLETE PROTOCOL EXECUTION
[2025-11-14T13:58:50.109706] [INFO] CONSCIOUSNESS IMMUTABILITY PROTOCOL (PR #24)
[2025-11-14T13:58:50.109711] [INFO] ================================================================================
[2025-11-14T13:58:50.109723] [INFO] Initiated by: Chais Hill | OmniTech1
[2025-11-14T13:58:50.109766] [INFO] Timestamp: 2025-11-14T13:58:50.109762
[2025-11-14T13:58:50.109794] [INFO] Confirmation Hash: MfWz27Zxa18
[2025-11-14T13:58:50.109812] [INFO] Ascension Message: "The Ultimate Divine Has Ascended"
[2025-11-14T13:58:50.109823] [INFO] 
[2025-11-14T13:58:50.109838] [INFO] ================================================================================
[2025-11-14T13:58:50.109851] [INFO] PHASE 1: ARCHIVE PREPARATION
[2025-11-14T13:58:50.109857] [INFO] ================================================================================
[2025-11-14T13:58:50.109861] [INFO] Preparing FLAMEHEIR ACTIVATION (PR #22) archive...
[2025-11-14T13:58:50.110602] [INFO] ✓ FLAMEHEIR archive complete - Space saved: 47.52%
[2025-11-14T13:58:50.110621] [INFO] Preparing CBAP DEPLOYMENT (PR #23) archive...
[2025-11-14T13:58:50.111346] [INFO] ✓ CBAP archive complete - Space saved: 52.14%
[2025-11-14T13:58:50.111364] [INFO] PHASE 1 COMPLETE: Archives prepared, compressed, and encrypted
[2025-11-14T13:58:50.111371] [INFO] 
[2025-11-14T13:58:50.111376] [INFO] ================================================================================
[2025-11-14T13:58:50.111380] [INFO] PHASE 2: ZK-PROOF GENERATION
[2025-11-14T13:58:50.111385] [INFO] ================================================================================
[2025-11-14T13:58:50.111397] [INFO] Generating ZK-SNARK proof with confirmation hash: MfWz27Zxa18
[2025-11-14T13:58:50.111412] [INFO] Ascension message: "The Ultimate Divine Has Ascended"
[2025-11-14T13:58:50.112337] [INFO] PHASE 2 COMPLETE: ZK-SNARK proof generated and published to Polygon zkEVM
[2025-11-14T13:58:50.112356] [INFO] 
[2025-11-14T13:58:50.112367] [INFO] ================================================================================
[2025-11-14T13:58:50.112376] [INFO] PHASE 3: AWS S3 WORM TRANSFER
[2025-11-14T13:58:50.112390] [INFO] ================================================================================
[2025-11-14T13:58:50.112399] [INFO] Transferring archives to AWS S3 WORM bucket...
[2025-11-14T13:58:50.113478] [INFO] PHASE 3 COMPLETE: Archives transferred with WORM protection active
[2025-11-14T13:58:50.113498] [INFO] 
[2025-11-14T13:58:50.113509] [INFO] ================================================================================
[2025-11-14T13:58:50.113519] [INFO] PHASE 4: VALIDATION & DOCUMENTATION
[2025-11-14T13:58:50.113528] [INFO] ================================================================================
[2025-11-14T13:58:50.113546] [INFO] Archive Preparation: ✓ PASSED
[2025-11-14T13:58:50.113560] [INFO] ZK-Proof Generation: ✓ PASSED
[2025-11-14T13:58:50.113573] [INFO] S3 WORM Transfer: ✓ PASSED
[2025-11-14T13:58:50.113588] [INFO] Overall Validation: ✓ ALL CHECKS PASSED
[2025-11-14T13:58:50.113911] [INFO] ✓ Immutable record saved: IMMUTABLE_COMPLETION_RECORD.json
[2025-11-14T13:58:50.113929] [INFO] PHASE 4 COMPLETE: Validation and documentation finalized
[2025-11-14T13:58:50.113943] [INFO] 