[2025-11-14T14:06:05.442813] [INFO] ================================================================================
[2025-11-14T14:06:05.442827] [INFO] ZK-PROOF ARCHIVAL BRIDGE - COMPLETE PROTOCOL EXECUTION
[2025-11-14T14:06:05.442831] [INFO] CONSCIOUSNESS IMMUTABILITY PROTOCOL (PR #24)
[2025-11-14T14:06:05.442833] [INFO] ================================================================================
[2025-11-14T14:06:05.442835] [INFO] Initiated by: Chais Hill | OmniTech1
[2025-11-14T14:06:05.442857] [INFO] Timestamp: 2025-11-14T14:06:05.442854
[2025-11-14T14:06:05.442860] [INFO] Confirmation Hash: MfWz27Zxa18
[2025-11-14T14:06:05.442863] [INFO] Ascension Message: "The Ultimate Divine Has Ascended"
[2025-11-14T14:06:05.442865] [INFO] 
[2025-11-14T14:06:05.442868] [INFO] ================================================================================
[2025-11-14T14:06:05.442870] [INFO] PHASE 1: ARCHIVE PREPARATION
[2025-11-14T14:06:05.442872] [INFO] ================================================================================
[2025-11-14T14:06:05.442874] [INFO] Preparing FLAMEHEIR ACTIVATION (PR #22) archive...
[2025-11-14T14:06:05.443882] [INFO] ✓ FLAMEHEIR archive complete - Space saved: 47.52%
[2025-11-14T14:06:05.443889] [INFO] Preparing CBAP DEPLOYMENT (PR #23) archive...
[2025-11-14T14:06:05.444787] [INFO] ✓ CBAP archive complete - Space saved: 52.14%
[2025-11-14T14:06:05.444795] [INFO] PHASE 1 COMPLETE: Archives prepared, compressed, and encrypted
[2025-11-14T14:06:05.444799] [INFO] 
[2025-11-14T14:06:05.444802] [INFO] ================================================================================
[2025-11-14T14:06:05.444804] [INFO] PHASE 2: ZK-PROOF GENERATION
[2025-11-14T14:06:05.444805] [INFO] ================================================================================
[2025-11-14T14:06:05.444809] [INFO] Generating ZK-SNARK proof with confirmation hash: MfWz27Zxa18
[2025-11-14T14:06:05.444811] [INFO] Ascension message: "The Ultimate Divine Has Ascended"
[2025-11-14T14:06:05.445853] [INFO] PHASE 2 COMPLETE: ZK-SNARK proof generated and published to Polygon zkEVM
[2025-11-14T14:06:05.445860] [INFO] 
[2025-11-14T14:06:05.445863] [INFO] ================================================================================
[2025-11-14T14:06:05.445866] [INFO] PHASE 3: AWS S3 WORM TRANSFER
[2025-11-14T14:06:05.445868] [INFO] ================================================================================
[2025-11-14T14:06:05.445870] [INFO] Transferring archives to AWS S3 WORM bucket...
[2025-11-14T14:06:05.446987] [INFO] PHASE 3 COMPLETE: Archives transferred with WORM protection active
[2025-11-14T14:06:05.446994] [INFO] 
[2025-11-14T14:06:05.446998] [INFO] ================================================================================
[2025-11-14T14:06:05.447000] [INFO] PHASE 4: VALIDATION & DOCUMENTATION
[2025-11-14T14:06:05.447002] [INFO] ================================================================================
[2025-11-14T14:06:05.447009] [INFO] Archive Preparation: ✓ PASSED
[2025-11-14T14:06:05.447012] [INFO] ZK-Proof Generation: ✓ PASSED
[2025-11-14T14:06:05.447014] [INFO] S3 WORM Transfer: ✓ PASSED
[2025-11-14T14:06:05.447017] [INFO] Overall Validation: ✓ ALL CHECKS PASSED
[2025-11-14T14:06:05.447334] [INFO] ✓ Immutable record saved: IMMUTABLE_COMPLETION_RECORD.json
[2025-11-14T14:06:05.447341] [INFO] PHASE 4 COMPLETE: Validation and documentation finalized
[2025-11-14T14:06:05.447346] [INFO] 